{
"contracts/erc-20/EndemicToken.sol":{"l":{},"path":"/Users/markomarinovic/Projects/blank/endemic-contracts/contracts/erc-20/EndemicToken.sol","s":{},"b":{},"f":{"1":24},"fnMap":{"1":{"name":"constructor","line":13,"loc":{"start":{"line":7,"column":4},"end":{"line":14,"column":5}}}},"statementMap":{},"branchMap":{}},
"contracts/erc-20/EndemicTokenMining.sol":{"l":{"23":12,"32":7,"37":6,"38":7,"39":7,"40":6,"41":6,"42":5,"43":5,"47":5,"48":5,"49":5,"52":0,"56":0,"57":0,"58":0,"67":7,"76":7,"78":7,"79":7},"path":"/Users/markomarinovic/Projects/blank/endemic-contracts/contracts/erc-20/EndemicTokenMining.sol","s":{"1":12,"2":7,"3":6,"4":7,"5":7,"6":6,"7":6,"8":5,"9":5,"10":5,"11":5,"12":5,"13":0,"14":0,"15":0,"16":0,"17":7,"18":7,"19":7,"20":7},"b":{"1":[6,1],"2":[6,1],"3":[5,1],"4":[5,0]},"f":{"1":12,"2":7,"3":0,"4":7,"5":7},"fnMap":{"1":{"name":"constructor","line":22,"loc":{"start":{"line":22,"column":4},"end":{"line":24,"column":4}}},"2":{"name":"claim","line":26,"loc":{"start":{"line":26,"column":4},"end":{"line":53,"column":4}}},"3":{"name":"updateClaimed","line":55,"loc":{"start":{"line":55,"column":4},"end":{"line":60,"column":4}}},"4":{"name":"prepareMessage","line":62,"loc":{"start":{"line":62,"column":4},"end":{"line":68,"column":4}}},"5":{"name":"recoverSigner","line":70,"loc":{"start":{"line":70,"column":4},"end":{"line":80,"column":4}}}},"statementMap":{"1":{"start":{"line":23,"column":8},"end":{"line":23,"column":27}},"2":{"start":{"line":32,"column":8},"end":{"line":32,"column":785}},"3":{"start":{"line":37,"column":8},"end":{"line":37,"column":928}},"4":{"start":{"line":38,"column":12},"end":{"line":38,"column":54}},"5":{"start":{"line":39,"column":12},"end":{"line":39,"column":1049}},"6":{"start":{"line":40,"column":16},"end":{"line":40,"column":76}},"7":{"start":{"line":41,"column":16},"end":{"line":41,"column":55}},"8":{"start":{"line":42,"column":16},"end":{"line":42,"column":54}},"9":{"start":{"line":43,"column":16},"end":{"line":43,"column":1295}},"10":{"start":{"line":47,"column":16},"end":{"line":47,"column":46}},"11":{"start":{"line":48,"column":16},"end":{"line":48,"column":57}},"12":{"start":{"line":49,"column":16},"end":{"line":49,"column":22}},"13":{"start":{"line":52,"column":8},"end":{"line":52,"column":47}},"14":{"start":{"line":56,"column":8},"end":{"line":56,"column":1720}},"15":{"start":{"line":57,"column":12},"end":{"line":57,"column":63}},"16":{"start":{"line":58,"column":12},"end":{"line":58,"column":66}},"17":{"start":{"line":67,"column":8},"end":{"line":67,"column":47}},"18":{"start":{"line":76,"column":8},"end":{"line":76,"column":64}},"19":{"start":{"line":78,"column":8},"end":{"line":78,"column":76}},"20":{"start":{"line":79,"column":8},"end":{"line":79,"column":48}}},"branchMap":{"1":{"line":32,"type":"if","locations":[{"start":{"line":32,"column":8},"end":{"line":32,"column":8}},{"start":{"line":32,"column":8},"end":{"line":32,"column":8}}]},"2":{"line":39,"type":"if","locations":[{"start":{"line":39,"column":12},"end":{"line":39,"column":12}},{"start":{"line":39,"column":12},"end":{"line":39,"column":12}}]},"3":{"line":41,"type":"if","locations":[{"start":{"line":41,"column":16},"end":{"line":41,"column":16}},{"start":{"line":41,"column":16},"end":{"line":41,"column":16}}]},"4":{"line":43,"type":"if","locations":[{"start":{"line":43,"column":16},"end":{"line":43,"column":16}},{"start":{"line":43,"column":16},"end":{"line":43,"column":16}}]}}},
"contracts/erc-20/EndemicVesting.sol":{"l":{"12":0,"13":0,"17":0,"23":0,"56":3,"57":3,"58":3,"69":0,"70":0,"74":0,"75":0,"79":0,"84":0,"85":0,"87":0,"90":0,"93":0,"98":0,"108":0,"109":0,"110":0,"111":0,"119":0,"127":0,"130":0,"131":0,"135":0,"136":0,"138":0,"139":0,"143":0,"144":0,"147":0,"149":0,"150":0,"152":0,"155":0,"158":0,"159":0,"165":0,"166":0,"167":0,"168":0,"170":0,"171":0,"172":0,"176":0,"180":0,"188":0,"189":0,"190":0,"191":0,"192":0,"194":0,"198":0,"199":0,"201":0,"202":0,"203":0,"204":0,"205":0,"206":0,"207":0,"209":0,"213":0,"221":0,"222":0,"230":0,"231":0},"path":"/Users/markomarinovic/Projects/blank/endemic-contracts/contracts/erc-20/EndemicVesting.sol","s":{"1":0,"2":0,"3":3,"4":3,"5":3,"6":0,"7":0,"8":0,"9":0,"10":0,"11":0,"12":0,"13":0,"14":0,"15":0,"16":0,"17":0,"18":0,"19":0,"20":0,"21":0,"22":0,"23":0,"24":0,"25":0,"26":0,"27":0,"28":0,"29":0,"30":0,"31":0,"32":0,"33":0,"34":0,"35":0,"36":0,"37":0,"38":0,"39":0,"40":0,"41":0,"42":0,"43":0,"44":0,"45":0,"46":0,"47":0,"48":0,"49":0,"50":0,"51":0,"52":0,"53":0,"54":0,"55":0,"56":0,"57":0,"58":0,"59":0,"60":0,"61":0,"62":0,"63":0,"64":0,"65":0,"66":0},"b":{"1":[0,0],"2":[0,0],"3":[3,0],"4":[0,0],"5":[0,0],"6":[0,0],"7":[0,0],"8":[0,0],"9":[0,0],"10":[0,0],"11":[0,0],"12":[0,0],"13":[0,0],"14":[0,0],"15":[0,0],"16":[0,0],"17":[0,0],"18":[0,0],"19":[0,0]},"f":{"1":0,"2":0,"3":3,"4":0,"5":0,"6":0,"7":0,"8":0,"9":0,"10":0,"11":0},"fnMap":{"1":{"name":"onlyMultiSig","line":11,"loc":{"start":{"line":11,"column":4},"end":{"line":14,"column":4}}},"2":{"name":"onlyValidAddress","line":16,"loc":{"start":{"line":16,"column":4},"end":{"line":24,"column":4}}},"3":{"name":"constructor","line":55,"loc":{"start":{"line":55,"column":4},"end":{"line":59,"column":4}}},"4":{"name":"addTokenGrant","line":68,"loc":{"start":{"line":61,"column":4},"end":{"line":112,"column":4}}},"5":{"name":"getActiveGrants","line":114,"loc":{"start":{"line":114,"column":4},"end":{"line":120,"column":4}}},"6":{"name":"calculateGrantClaim","line":122,"loc":{"start":{"line":122,"column":4},"end":{"line":161,"column":4}}},"7":{"name":"claimVestedTokens","line":164,"loc":{"start":{"line":164,"column":4},"end":{"line":181,"column":4}}},"8":{"name":"removeTokenGrant","line":187,"loc":{"start":{"line":187,"column":4},"end":{"line":210,"column":4}}},"9":{"name":"currentTime","line":212,"loc":{"start":{"line":212,"column":4},"end":{"line":214,"column":4}}},"10":{"name":"tokensVestedPerDay","line":216,"loc":{"start":{"line":216,"column":4},"end":{"line":223,"column":4}}},"11":{"name":"changeMultiSig","line":228,"loc":{"start":{"line":225,"column":4},"end":{"line":232,"column":4}}}},"statementMap":{"1":{"start":{"line":12,"column":8},"end":{"line":12,"column":54}},"2":{"start":{"line":17,"column":8},"end":{"line":17,"column":443}},"3":{"start":{"line":56,"column":8},"end":{"line":56,"column":45}},"4":{"start":{"line":57,"column":8},"end":{"line":57,"column":27}},"5":{"start":{"line":58,"column":8},"end":{"line":58,"column":21}},"6":{"start":{"line":69,"column":8},"end":{"line":69,"column":73}},"7":{"start":{"line":70,"column":8},"end":{"line":70,"column":1969}},"8":{"start":{"line":74,"column":8},"end":{"line":74,"column":65}},"9":{"start":{"line":75,"column":8},"end":{"line":75,"column":2155}},"10":{"start":{"line":79,"column":8},"end":{"line":79,"column":2273}},"11":{"start":{"line":84,"column":8},"end":{"line":84,"column":72}},"12":{"start":{"line":85,"column":8},"end":{"line":85,"column":64}},"13":{"start":{"line":87,"column":8},"end":{"line":87,"column":2563}},"14":{"start":{"line":90,"column":8},"end":{"line":90,"column":74}},"15":{"start":{"line":93,"column":8},"end":{"line":93,"column":2831}},"16":{"start":{"line":98,"column":8},"end":{"line":98,"column":2958}},"17":{"start":{"line":108,"column":8},"end":{"line":108,"column":45}},"18":{"start":{"line":109,"column":8},"end":{"line":109,"column":55}},"19":{"start":{"line":110,"column":8},"end":{"line":110,"column":54}},"20":{"start":{"line":119,"column":8},"end":{"line":119,"column":39}},"21":{"start":{"line":127,"column":8},"end":{"line":127,"column":56}},"22":{"start":{"line":130,"column":8},"end":{"line":130,"column":3983}},"23":{"start":{"line":131,"column":12},"end":{"line":131,"column":25}},"24":{"start":{"line":135,"column":8},"end":{"line":135,"column":69}},"25":{"start":{"line":136,"column":8},"end":{"line":136,"column":62}},"26":{"start":{"line":138,"column":8},"end":{"line":138,"column":4244}},"27":{"start":{"line":139,"column":12},"end":{"line":139,"column":43}},"28":{"start":{"line":143,"column":8},"end":{"line":143,"column":4408}},"29":{"start":{"line":144,"column":12},"end":{"line":144,"column":4474}},"30":{"start":{"line":147,"column":12},"end":{"line":147,"column":63}},"31":{"start":{"line":149,"column":12},"end":{"line":149,"column":79}},"32":{"start":{"line":150,"column":12},"end":{"line":150,"column":4751}},"33":{"start":{"line":152,"column":16},"end":{"line":152,"column":38}},"34":{"start":{"line":155,"column":12},"end":{"line":155,"column":4913}},"35":{"start":{"line":158,"column":12},"end":{"line":158,"column":78}},"36":{"start":{"line":159,"column":12},"end":{"line":159,"column":45}},"37":{"start":{"line":165,"column":8},"end":{"line":165,"column":25}},"38":{"start":{"line":166,"column":8},"end":{"line":166,"column":28}},"39":{"start":{"line":167,"column":8},"end":{"line":167,"column":65}},"40":{"start":{"line":168,"column":8},"end":{"line":168,"column":53}},"41":{"start":{"line":170,"column":8},"end":{"line":170,"column":56}},"42":{"start":{"line":171,"column":8},"end":{"line":171,"column":78}},"43":{"start":{"line":172,"column":8},"end":{"line":172,"column":5663}},"44":{"start":{"line":176,"column":8},"end":{"line":176,"column":5772}},"45":{"start":{"line":180,"column":8},"end":{"line":180,"column":67}},"46":{"start":{"line":188,"column":8},"end":{"line":188,"column":56}},"47":{"start":{"line":189,"column":8},"end":{"line":189,"column":48}},"48":{"start":{"line":190,"column":8},"end":{"line":190,"column":25}},"49":{"start":{"line":191,"column":8},"end":{"line":191,"column":28}},"50":{"start":{"line":192,"column":8},"end":{"line":192,"column":65}},"51":{"start":{"line":194,"column":8},"end":{"line":194,"column":6534}},"52":{"start":{"line":198,"column":8},"end":{"line":198,"column":55}},"53":{"start":{"line":199,"column":8},"end":{"line":199,"column":57}},"54":{"start":{"line":201,"column":8},"end":{"line":201,"column":31}},"55":{"start":{"line":202,"column":8},"end":{"line":202,"column":28}},"56":{"start":{"line":203,"column":8},"end":{"line":203,"column":37}},"57":{"start":{"line":204,"column":8},"end":{"line":204,"column":34}},"58":{"start":{"line":205,"column":8},"end":{"line":205,"column":33}},"59":{"start":{"line":206,"column":8},"end":{"line":206,"column":34}},"60":{"start":{"line":207,"column":8},"end":{"line":207,"column":40}},"61":{"start":{"line":209,"column":8},"end":{"line":209,"column":67}},"62":{"start":{"line":213,"column":8},"end":{"line":213,"column":30}},"63":{"start":{"line":221,"column":8},"end":{"line":221,"column":56}},"64":{"start":{"line":222,"column":8},"end":{"line":222,"column":73}},"65":{"start":{"line":230,"column":8},"end":{"line":230,"column":30}},"66":{"start":{"line":231,"column":8},"end":{"line":231,"column":42}}},"branchMap":{"1":{"line":12,"type":"if","locations":[{"start":{"line":12,"column":8},"end":{"line":12,"column":8}},{"start":{"line":12,"column":8},"end":{"line":12,"column":8}}]},"2":{"line":17,"type":"if","locations":[{"start":{"line":17,"column":8},"end":{"line":17,"column":8}},{"start":{"line":17,"column":8},"end":{"line":17,"column":8}}]},"3":{"line":56,"type":"if","locations":[{"start":{"line":56,"column":8},"end":{"line":56,"column":8}},{"start":{"line":56,"column":8},"end":{"line":56,"column":8}}]},"4":{"line":69,"type":"if","locations":[{"start":{"line":69,"column":8},"end":{"line":69,"column":8}},{"start":{"line":69,"column":8},"end":{"line":69,"column":8}}]},"5":{"line":70,"type":"if","locations":[{"start":{"line":70,"column":8},"end":{"line":70,"column":8}},{"start":{"line":70,"column":8},"end":{"line":70,"column":8}}]},"6":{"line":74,"type":"if","locations":[{"start":{"line":74,"column":8},"end":{"line":74,"column":8}},{"start":{"line":74,"column":8},"end":{"line":74,"column":8}}]},"7":{"line":75,"type":"if","locations":[{"start":{"line":75,"column":8},"end":{"line":75,"column":8}},{"start":{"line":75,"column":8},"end":{"line":75,"column":8}}]},"8":{"line":79,"type":"if","locations":[{"start":{"line":79,"column":8},"end":{"line":79,"column":8}},{"start":{"line":79,"column":8},"end":{"line":79,"column":8}}]},"9":{"line":85,"type":"if","locations":[{"start":{"line":85,"column":8},"end":{"line":85,"column":8}},{"start":{"line":85,"column":8},"end":{"line":85,"column":8}}]},"10":{"line":90,"type":"if","locations":[{"start":{"line":90,"column":8},"end":{"line":90,"column":8}},{"start":{"line":90,"column":8},"end":{"line":90,"column":8}}]},"11":{"line":93,"type":"if","locations":[{"start":{"line":93,"column":8},"end":{"line":93,"column":8}},{"start":{"line":93,"column":8},"end":{"line":93,"column":8}}]},"12":{"line":130,"type":"if","locations":[{"start":{"line":130,"column":8},"end":{"line":130,"column":8}},{"start":{"line":130,"column":8},"end":{"line":130,"column":8}}]},"13":{"line":138,"type":"if","locations":[{"start":{"line":138,"column":8},"end":{"line":138,"column":8}},{"start":{"line":138,"column":8},"end":{"line":138,"column":8}}]},"14":{"line":143,"type":"if","locations":[{"start":{"line":143,"column":8},"end":{"line":143,"column":8}},{"start":{"line":143,"column":8},"end":{"line":143,"column":8}}]},"15":{"line":150,"type":"if","locations":[{"start":{"line":150,"column":12},"end":{"line":150,"column":12}},{"start":{"line":150,"column":12},"end":{"line":150,"column":12}}]},"16":{"line":168,"type":"if","locations":[{"start":{"line":168,"column":8},"end":{"line":168,"column":8}},{"start":{"line":168,"column":8},"end":{"line":168,"column":8}}]},"17":{"line":176,"type":"if","locations":[{"start":{"line":176,"column":8},"end":{"line":176,"column":8}},{"start":{"line":176,"column":8},"end":{"line":176,"column":8}}]},"18":{"line":198,"type":"if","locations":[{"start":{"line":198,"column":8},"end":{"line":198,"column":8}},{"start":{"line":198,"column":8},"end":{"line":198,"column":8}}]},"19":{"line":199,"type":"if","locations":[{"start":{"line":199,"column":8},"end":{"line":199,"column":8}},{"start":{"line":199,"column":8},"end":{"line":199,"column":8}}]}}},
"contracts/erc-721/Endemic.sol":{"l":{"14":24,"15":24,"16":24,"17":24,"18":24,"19":24,"20":24,"22":24,"23":24,"33":8,"34":7,"35":6,"37":6,"46":8,"47":8,"53":8},"path":"/Users/markomarinovic/Projects/blank/endemic-contracts/contracts/erc-721/Endemic.sol","s":{"1":24,"2":24,"3":24,"4":24,"5":24,"6":24,"7":24,"8":24,"9":24,"10":8,"11":7,"12":6,"13":6,"14":8,"15":8,"16":8},"b":{"1":[7,1]},"f":{"1":24,"2":8,"3":8},"fnMap":{"1":{"name":"__Endemic_init","line":12,"loc":{"start":{"line":10,"column":4},"end":{"line":24,"column":4}}},"2":{"name":"mint","line":26,"loc":{"start":{"line":26,"column":4},"end":{"line":38,"column":4}}},"3":{"name":"_requireOwnerSignature","line":40,"loc":{"start":{"line":40,"column":4},"end":{"line":57,"column":4}}}},"statementMap":{"1":{"start":{"line":14,"column":8},"end":{"line":14,"column":33}},"2":{"start":{"line":15,"column":8},"end":{"line":15,"column":32}},"3":{"start":{"line":16,"column":8},"end":{"line":16,"column":48}},"4":{"start":{"line":17,"column":8},"end":{"line":17,"column":42}},"5":{"start":{"line":18,"column":8},"end":{"line":18,"column":42}},"6":{"start":{"line":19,"column":8},"end":{"line":19,"column":40}},"7":{"start":{"line":20,"column":8},"end":{"line":20,"column":33}},"8":{"start":{"line":22,"column":8},"end":{"line":22,"column":32}},"9":{"start":{"line":23,"column":8},"end":{"line":23,"column":32}},"10":{"start":{"line":33,"column":8},"end":{"line":33,"column":47}},"11":{"start":{"line":34,"column":8},"end":{"line":34,"column":39}},"12":{"start":{"line":35,"column":8},"end":{"line":35,"column":38}},"13":{"start":{"line":37,"column":8},"end":{"line":37,"column":40}},"14":{"start":{"line":46,"column":8},"end":{"line":46,"column":64}},"15":{"start":{"line":47,"column":8},"end":{"line":47,"column":1275}},"16":{"start":{"line":53,"column":8},"end":{"line":53,"column":1464}}},"branchMap":{"1":{"line":53,"type":"if","locations":[{"start":{"line":53,"column":8},"end":{"line":53,"column":8}},{"start":{"line":53,"column":8},"end":{"line":53,"column":8}}]}}},
"contracts/erc-721/EndemicMasterNFT.sol":{"l":{"21":156,"22":156,"23":156,"24":156,"25":156,"26":156,"27":156,"29":156,"31":156,"32":156,"33":156,"34":156,"38":66,"40":65,"41":65,"43":65,"47":3,"48":2,"50":2,"52":1,"53":1,"55":1,"59":2,"60":2,"62":2,"64":2,"65":8,"66":8,"67":8,"68":8,"73":0,"76":0,"80":2,"84":2},"path":"/Users/markomarinovic/Projects/blank/endemic-contracts/contracts/erc-721/EndemicMasterNFT.sol","s":{"1":156,"2":156,"3":156,"4":156,"5":156,"6":156,"7":156,"8":156,"9":156,"10":156,"11":156,"12":156,"13":66,"14":65,"15":65,"16":65,"17":3,"18":2,"19":2,"20":1,"21":1,"22":1,"23":2,"24":2,"25":2,"26":2,"27":8,"28":8,"29":8,"30":8,"31":0,"32":0,"33":2,"34":2},"b":{"1":[65,1],"2":[2,1],"3":[2,0],"4":[1,1],"5":[2,0],"6":[2,0],"7":[8,0],"8":[0,0]},"f":{"1":156,"2":66,"3":3,"4":2,"5":0,"6":2,"7":2},"fnMap":{"1":{"name":"__EndemicMasterNFT_init","line":19,"loc":{"start":{"line":17,"column":4},"end":{"line":35,"column":4}}},"2":{"name":"mintNFT","line":37,"loc":{"start":{"line":37,"column":4},"end":{"line":44,"column":4}}},"3":{"name":"publicMintNFT","line":46,"loc":{"start":{"line":46,"column":4},"end":{"line":56,"column":4}}},"4":{"name":"distributeShares","line":58,"loc":{"start":{"line":58,"column":4},"end":{"line":70,"column":4}}},"5":{"name":"claimETH","line":72,"loc":{"start":{"line":72,"column":4},"end":{"line":77,"column":4}}},"6":{"name":"setSalePrice","line":79,"loc":{"start":{"line":79,"column":4},"end":{"line":81,"column":4}}},"7":{"name":"toggleSaleState","line":83,"loc":{"start":{"line":83,"column":4},"end":{"line":85,"column":4}}}},"statementMap":{"1":{"start":{"line":21,"column":8},"end":{"line":21,"column":33}},"2":{"start":{"line":22,"column":8},"end":{"line":22,"column":32}},"3":{"start":{"line":23,"column":8},"end":{"line":23,"column":60}},"4":{"start":{"line":24,"column":8},"end":{"line":24,"column":42}},"5":{"start":{"line":25,"column":8},"end":{"line":25,"column":42}},"6":{"start":{"line":26,"column":8},"end":{"line":26,"column":40}},"7":{"start":{"line":27,"column":8},"end":{"line":27,"column":33}},"8":{"start":{"line":29,"column":8},"end":{"line":29,"column":32}},"9":{"start":{"line":31,"column":8},"end":{"line":31,"column":23}},"10":{"start":{"line":32,"column":8},"end":{"line":32,"column":27}},"11":{"start":{"line":33,"column":8},"end":{"line":33,"column":21}},"12":{"start":{"line":34,"column":8},"end":{"line":34,"column":67}},"13":{"start":{"line":38,"column":8},"end":{"line":38,"column":74}},"14":{"start":{"line":40,"column":8},"end":{"line":40,"column":34}},"15":{"start":{"line":41,"column":8},"end":{"line":41,"column":53}},"16":{"start":{"line":43,"column":8},"end":{"line":43,"column":38}},"17":{"start":{"line":47,"column":8},"end":{"line":47,"column":51}},"18":{"start":{"line":48,"column":8},"end":{"line":48,"column":74}},"19":{"start":{"line":50,"column":8},"end":{"line":50,"column":59}},"20":{"start":{"line":52,"column":8},"end":{"line":52,"column":34}},"21":{"start":{"line":53,"column":8},"end":{"line":53,"column":53}},"22":{"start":{"line":55,"column":8},"end":{"line":55,"column":41}},"23":{"start":{"line":59,"column":8},"end":{"line":59,"column":52}},"24":{"start":{"line":60,"column":8},"end":{"line":60,"column":63}},"25":{"start":{"line":62,"column":8},"end":{"line":62,"column":50}},"26":{"start":{"line":64,"column":8},"end":{"line":64,"column":2034}},"27":{"start":{"line":65,"column":12},"end":{"line":65,"column":45}},"28":{"start":{"line":66,"column":12},"end":{"line":66,"column":49}},"29":{"start":{"line":67,"column":12},"end":{"line":67,"column":74}},"30":{"start":{"line":68,"column":12},"end":{"line":68,"column":47}},"31":{"start":{"line":73,"column":8},"end":{"line":73,"column":2379}},"32":{"start":{"line":76,"column":8},"end":{"line":76,"column":43}},"33":{"start":{"line":80,"column":8},"end":{"line":80,"column":21}},"34":{"start":{"line":84,"column":8},"end":{"line":84,"column":35}}},"branchMap":{"1":{"line":38,"type":"if","locations":[{"start":{"line":38,"column":8},"end":{"line":38,"column":8}},{"start":{"line":38,"column":8},"end":{"line":38,"column":8}}]},"2":{"line":47,"type":"if","locations":[{"start":{"line":47,"column":8},"end":{"line":47,"column":8}},{"start":{"line":47,"column":8},"end":{"line":47,"column":8}}]},"3":{"line":48,"type":"if","locations":[{"start":{"line":48,"column":8},"end":{"line":48,"column":8}},{"start":{"line":48,"column":8},"end":{"line":48,"column":8}}]},"4":{"line":50,"type":"if","locations":[{"start":{"line":50,"column":8},"end":{"line":50,"column":8}},{"start":{"line":50,"column":8},"end":{"line":50,"column":8}}]},"5":{"line":59,"type":"if","locations":[{"start":{"line":59,"column":8},"end":{"line":59,"column":8}},{"start":{"line":59,"column":8},"end":{"line":59,"column":8}}]},"6":{"line":60,"type":"if","locations":[{"start":{"line":60,"column":8},"end":{"line":60,"column":8}},{"start":{"line":60,"column":8},"end":{"line":60,"column":8}}]},"7":{"line":68,"type":"if","locations":[{"start":{"line":68,"column":12},"end":{"line":68,"column":12}},{"start":{"line":68,"column":12},"end":{"line":68,"column":12}}]},"8":{"line":76,"type":"if","locations":[{"start":{"line":76,"column":8},"end":{"line":76,"column":8}},{"start":{"line":76,"column":8},"end":{"line":76,"column":8}}]}}},
"contracts/erc-721/EndemicNFT.sol":{"l":{"12":222,"13":222,"14":222,"15":222,"16":222,"17":222,"18":222,"20":222,"30":36,"35":35,"36":35,"37":35,"39":35,"41":35},"path":"/Users/markomarinovic/Projects/blank/endemic-contracts/contracts/erc-721/EndemicNFT.sol","s":{"1":222,"2":222,"3":222,"4":222,"5":222,"6":222,"7":222,"8":222,"9":36,"10":35,"11":35,"12":35,"13":35,"14":35},"b":{"1":[35,1]},"f":{"1":222,"2":36},"fnMap":{"1":{"name":"__EndemicNFT_init","line":11,"loc":{"start":{"line":7,"column":4},"end":{"line":21,"column":4}}},"2":{"name":"mint","line":25,"loc":{"start":{"line":25,"column":4},"end":{"line":42,"column":4}}}},"statementMap":{"1":{"start":{"line":12,"column":8},"end":{"line":12,"column":33}},"2":{"start":{"line":13,"column":8},"end":{"line":13,"column":32}},"3":{"start":{"line":14,"column":8},"end":{"line":14,"column":44}},"4":{"start":{"line":15,"column":8},"end":{"line":15,"column":42}},"5":{"start":{"line":16,"column":8},"end":{"line":16,"column":40}},"6":{"start":{"line":17,"column":8},"end":{"line":17,"column":42}},"7":{"start":{"line":18,"column":8},"end":{"line":18,"column":33}},"8":{"start":{"line":20,"column":8},"end":{"line":20,"column":32}},"9":{"start":{"line":30,"column":8},"end":{"line":30,"column":824}},"10":{"start":{"line":35,"column":8},"end":{"line":35,"column":43}},"11":{"start":{"line":36,"column":8},"end":{"line":36,"column":36}},"12":{"start":{"line":37,"column":8},"end":{"line":37,"column":38}},"13":{"start":{"line":39,"column":8},"end":{"line":39,"column":34}},"14":{"start":{"line":41,"column":8},"end":{"line":41,"column":19}}},"branchMap":{"1":{"line":30,"type":"if","locations":[{"start":{"line":30,"column":8},"end":{"line":30,"column":8}},{"start":{"line":30,"column":8},"end":{"line":30,"column":8}}]}}},
"contracts/erc-721/EndemicNFTBeacon.sol":{"l":{},"path":"/Users/markomarinovic/Projects/blank/endemic-contracts/contracts/erc-721/EndemicNFTBeacon.sol","s":{},"b":{},"f":{"1":15},"fnMap":{"1":{"name":"constructor","line":7,"loc":{"start":{"line":7,"column":4},"end":{"line":7,"column":55}}}},"statementMap":{},"branchMap":{}},
"contracts/erc-721/EndemicNFTFactory.sol":{"l":{"16":15,"17":15,"19":15,"20":15,"43":0,"50":2,"57":2,"58":2,"59":2,"60":2,"62":2},"path":"/Users/markomarinovic/Projects/blank/endemic-contracts/contracts/erc-721/EndemicNFTFactory.sol","s":{"1":15,"2":15,"3":15,"4":15,"5":0,"6":2,"7":2,"8":2,"9":2,"10":2,"11":2},"b":{},"f":{"1":15,"2":0,"3":2},"fnMap":{"1":{"name":"constructor","line":15,"loc":{"start":{"line":15,"column":4},"end":{"line":21,"column":4}}},"2":{"name":"setMarketplaceContract","line":41,"loc":{"start":{"line":39,"column":4},"end":{"line":44,"column":4}}},"3":{"name":"createToken","line":48,"loc":{"start":{"line":46,"column":4},"end":{"line":69,"column":4}}}},"statementMap":{"1":{"start":{"line":16,"column":8},"end":{"line":16,"column":23}},"2":{"start":{"line":17,"column":8},"end":{"line":17,"column":49}},"3":{"start":{"line":19,"column":8},"end":{"line":19,"column":44}},"4":{"start":{"line":20,"column":8},"end":{"line":20,"column":51}},"5":{"start":{"line":43,"column":8},"end":{"line":43,"column":49}},"6":{"start":{"line":50,"column":8},"end":{"line":50,"column":1414}},"7":{"start":{"line":57,"column":8},"end":{"line":57,"column":72}},"8":{"start":{"line":58,"column":8},"end":{"line":58,"column":64}},"9":{"start":{"line":59,"column":8},"end":{"line":59,"column":63}},"10":{"start":{"line":60,"column":8},"end":{"line":60,"column":49}},"11":{"start":{"line":62,"column":8},"end":{"line":62,"column":1891}}},"branchMap":{}},
"contracts/erc-721/ERC721Base.sol":{"l":{"25":1,"34":10,"38":2,"42":404,"52":19,"61":6,"70":11,"77":2,"85":124,"94":34},"path":"/Users/markomarinovic/Projects/blank/endemic-contracts/contracts/erc-721/ERC721Base.sol","s":{"1":1,"2":10,"3":2,"4":404,"5":19,"6":6,"7":11,"8":2,"9":124,"10":34},"b":{},"f":{"1":1,"2":10,"3":2,"4":404,"5":19,"6":6,"7":11,"8":2,"9":124,"10":34},"fnMap":{"1":{"name":"setDefaultApproval","line":23,"loc":{"start":{"line":21,"column":4},"end":{"line":26,"column":4}}},"2":{"name":"tokenURI","line":28,"loc":{"start":{"line":28,"column":4},"end":{"line":35,"column":4}}},"3":{"name":"setBaseTokenURI","line":37,"loc":{"start":{"line":37,"column":4},"end":{"line":39,"column":4}}},"4":{"name":"_setBaseURI","line":41,"loc":{"start":{"line":41,"column":4},"end":{"line":43,"column":4}}},"5":{"name":"_isApprovedOrOwner","line":45,"loc":{"start":{"line":45,"column":4},"end":{"line":53,"column":4}}},"6":{"name":"isApprovedForAll","line":55,"loc":{"start":{"line":55,"column":4},"end":{"line":62,"column":4}}},"7":{"name":"_baseURI","line":64,"loc":{"start":{"line":64,"column":4},"end":{"line":71,"column":4}}},"8":{"name":"_burn","line":73,"loc":{"start":{"line":73,"column":4},"end":{"line":78,"column":4}}},"9":{"name":"_beforeTokenTransfer","line":80,"loc":{"start":{"line":80,"column":4},"end":{"line":86,"column":4}}},"10":{"name":"supportsInterface","line":88,"loc":{"start":{"line":88,"column":4},"end":{"line":95,"column":4}}}},"statementMap":{"1":{"start":{"line":25,"column":8},"end":{"line":25,"column":49}},"2":{"start":{"line":34,"column":8},"end":{"line":34,"column":38}},"3":{"start":{"line":38,"column":8},"end":{"line":38,"column":32}},"4":{"start":{"line":42,"column":8},"end":{"line":42,"column":29}},"5":{"start":{"line":52,"column":8},"end":{"line":52,"column":73}},"6":{"start":{"line":61,"column":8},"end":{"line":61,"column":72}},"7":{"start":{"line":70,"column":8},"end":{"line":70,"column":22}},"8":{"start":{"line":77,"column":8},"end":{"line":77,"column":27}},"9":{"start":{"line":85,"column":8},"end":{"line":85,"column":52}},"10":{"start":{"line":94,"column":8},"end":{"line":94,"column":51}}},"branchMap":{}},
"contracts/erc-721/ERC721DefaultApproval.sol":{"l":{"12":1,"13":1,"23":19,"35":6},"path":"/Users/markomarinovic/Projects/blank/endemic-contracts/contracts/erc-721/ERC721DefaultApproval.sol","s":{"1":1,"2":1,"3":19,"4":6},"b":{},"f":{"1":1,"2":19,"3":6},"fnMap":{"1":{"name":"_setDefaultApproval","line":11,"loc":{"start":{"line":11,"column":4},"end":{"line":14,"column":4}}},"2":{"name":"_isApprovedOrOwner","line":16,"loc":{"start":{"line":16,"column":4},"end":{"line":26,"column":4}}},"3":{"name":"isApprovedForAll","line":28,"loc":{"start":{"line":28,"column":4},"end":{"line":38,"column":4}}}},"statementMap":{"1":{"start":{"line":12,"column":8},"end":{"line":12,"column":47}},"2":{"start":{"line":13,"column":8},"end":{"line":13,"column":51}},"3":{"start":{"line":23,"column":8},"end":{"line":23,"column":748}},"4":{"start":{"line":35,"column":8},"end":{"line":35,"column":1017}}},"branchMap":{}},
"contracts/erc-721/IEndemicMasterNFT.sol":{"l":{},"path":"/Users/markomarinovic/Projects/blank/endemic-contracts/contracts/erc-721/IEndemicMasterNFT.sol","s":{},"b":{},"f":{},"fnMap":{},"statementMap":{},"branchMap":{}},
"contracts/erc-721/IERC721.sol":{"l":{},"path":"/Users/markomarinovic/Projects/blank/endemic-contracts/contracts/erc-721/IERC721.sol","s":{},"b":{},"f":{},"fnMap":{},"statementMap":{},"branchMap":{}},
"contracts/marketplace/FeeManager.sol":{"l":{"23":111,"24":111,"25":111,"26":111,"27":111,"36":1,"37":1,"38":1,"39":1,"40":1,"41":1,"42":1,"43":1,"51":3,"52":3,"54":3,"55":1,"58":2,"59":2,"63":0,"64":0,"65":0,"68":0,"77":15,"78":15,"79":13,"82":15,"83":2,"86":13,"88":13,"96":15,"97":1,"100":14,"108":33,"109":33},"path":"/Users/markomarinovic/Projects/blank/endemic-contracts/contracts/marketplace/FeeManager.sol","s":{"1":111,"2":111,"3":111,"4":111,"5":111,"6":1,"7":1,"8":1,"9":1,"10":1,"11":1,"12":1,"13":1,"14":3,"15":3,"16":3,"17":1,"18":2,"19":2,"20":0,"21":0,"22":0,"23":0,"24":15,"25":15,"26":13,"27":15,"28":2,"29":13,"30":13,"31":15,"32":1,"33":14,"34":33,"35":33},"b":{"1":[1,0],"2":[1,0],"3":[1,0],"4":[1,0],"5":[3,0],"6":[3,0],"7":[1,2],"8":[0,0],"9":[0,0],"10":[13,2],"11":[2,13],"12":[1,14]},"f":{"1":111,"2":1,"3":3,"4":0,"5":15,"6":15,"7":33},"fnMap":{"1":{"name":"__FeeManager___init_unchained","line":22,"loc":{"start":{"line":16,"column":4},"end":{"line":28,"column":4}}},"2":{"name":"updateFee","line":35,"loc":{"start":{"line":30,"column":4},"end":{"line":44,"column":4}}},"3":{"name":"getMakerFee","line":46,"loc":{"start":{"line":46,"column":4},"end":{"line":60,"column":4}}},"4":{"name":"getTakerFee","line":62,"loc":{"start":{"line":62,"column":4},"end":{"line":69,"column":4}}},"5":{"name":"_computeMakerCut","line":71,"loc":{"start":{"line":71,"column":4},"end":{"line":89,"column":4}}},"6":{"name":"_computeTakerCut","line":91,"loc":{"start":{"line":91,"column":4},"end":{"line":101,"column":4}}},"7":{"name":"_isAdressOwnerOfMasterNFT","line":103,"loc":{"start":{"line":103,"column":4},"end":{"line":110,"column":4}}}},"statementMap":{"1":{"start":{"line":23,"column":8},"end":{"line":23,"column":27}},"2":{"start":{"line":24,"column":8},"end":{"line":24,"column":27}},"3":{"start":{"line":25,"column":8},"end":{"line":25,"column":39}},"4":{"start":{"line":26,"column":8},"end":{"line":26,"column":35}},"5":{"start":{"line":27,"column":8},"end":{"line":27,"column":29}},"6":{"start":{"line":36,"column":8},"end":{"line":36,"column":34}},"7":{"start":{"line":37,"column":8},"end":{"line":37,"column":34}},"8":{"start":{"line":38,"column":8},"end":{"line":38,"column":40}},"9":{"start":{"line":39,"column":8},"end":{"line":39,"column":38}},"10":{"start":{"line":40,"column":8},"end":{"line":40,"column":27}},"11":{"start":{"line":41,"column":8},"end":{"line":41,"column":27}},"12":{"start":{"line":42,"column":8},"end":{"line":42,"column":39}},"13":{"start":{"line":43,"column":8},"end":{"line":43,"column":35}},"14":{"start":{"line":51,"column":8},"end":{"line":51,"column":37}},"15":{"start":{"line":52,"column":8},"end":{"line":52,"column":42}},"16":{"start":{"line":54,"column":8},"end":{"line":54,"column":1605}},"17":{"start":{"line":55,"column":12},"end":{"line":55,"column":20}},"18":{"start":{"line":58,"column":8},"end":{"line":58,"column":67}},"19":{"start":{"line":59,"column":8},"end":{"line":59,"column":56}},"20":{"start":{"line":63,"column":8},"end":{"line":63,"column":36}},"21":{"start":{"line":64,"column":8},"end":{"line":64,"column":1934}},"22":{"start":{"line":65,"column":12},"end":{"line":65,"column":20}},"23":{"start":{"line":68,"column":8},"end":{"line":68,"column":23}},"24":{"start":{"line":77,"column":8},"end":{"line":77,"column":67}},"25":{"start":{"line":78,"column":8},"end":{"line":78,"column":2287}},"26":{"start":{"line":79,"column":12},"end":{"line":79,"column":55}},"27":{"start":{"line":82,"column":8},"end":{"line":82,"column":2385}},"28":{"start":{"line":83,"column":12},"end":{"line":83,"column":20}},"29":{"start":{"line":86,"column":8},"end":{"line":86,"column":68}},"30":{"start":{"line":88,"column":8},"end":{"line":88,"column":42}},"31":{"start":{"line":96,"column":8},"end":{"line":96,"column":2714}},"32":{"start":{"line":97,"column":12},"end":{"line":97,"column":20}},"33":{"start":{"line":100,"column":8},"end":{"line":100,"column":42}},"34":{"start":{"line":108,"column":8},"end":{"line":108,"column":55}},"35":{"start":{"line":109,"column":8},"end":{"line":109,"column":26}}},"branchMap":{"1":{"line":36,"type":"if","locations":[{"start":{"line":36,"column":8},"end":{"line":36,"column":8}},{"start":{"line":36,"column":8},"end":{"line":36,"column":8}}]},"2":{"line":37,"type":"if","locations":[{"start":{"line":37,"column":8},"end":{"line":37,"column":8}},{"start":{"line":37,"column":8},"end":{"line":37,"column":8}}]},"3":{"line":38,"type":"if","locations":[{"start":{"line":38,"column":8},"end":{"line":38,"column":8}},{"start":{"line":38,"column":8},"end":{"line":38,"column":8}}]},"4":{"line":39,"type":"if","locations":[{"start":{"line":39,"column":8},"end":{"line":39,"column":8}},{"start":{"line":39,"column":8},"end":{"line":39,"column":8}}]},"5":{"line":51,"type":"if","locations":[{"start":{"line":51,"column":8},"end":{"line":51,"column":8}},{"start":{"line":51,"column":8},"end":{"line":51,"column":8}}]},"6":{"line":52,"type":"if","locations":[{"start":{"line":52,"column":8},"end":{"line":52,"column":8}},{"start":{"line":52,"column":8},"end":{"line":52,"column":8}}]},"7":{"line":54,"type":"if","locations":[{"start":{"line":54,"column":8},"end":{"line":54,"column":8}},{"start":{"line":54,"column":8},"end":{"line":54,"column":8}}]},"8":{"line":63,"type":"if","locations":[{"start":{"line":63,"column":8},"end":{"line":63,"column":8}},{"start":{"line":63,"column":8},"end":{"line":63,"column":8}}]},"9":{"line":64,"type":"if","locations":[{"start":{"line":64,"column":8},"end":{"line":64,"column":8}},{"start":{"line":64,"column":8},"end":{"line":64,"column":8}}]},"10":{"line":78,"type":"if","locations":[{"start":{"line":78,"column":8},"end":{"line":78,"column":8}},{"start":{"line":78,"column":8},"end":{"line":78,"column":8}}]},"11":{"line":82,"type":"if","locations":[{"start":{"line":82,"column":8},"end":{"line":82,"column":8}},{"start":{"line":82,"column":8},"end":{"line":82,"column":8}}]},"12":{"line":96,"type":"if","locations":[{"start":{"line":96,"column":8},"end":{"line":96,"column":8}},{"start":{"line":96,"column":8},"end":{"line":96,"column":8}}]}}},
"contracts/marketplace/Marketplace.sol":{"l":{"19":111,"20":111,"21":111,"23":111,"24":111,"25":111,"26":111,"30":111},"path":"/Users/markomarinovic/Projects/blank/endemic-contracts/contracts/marketplace/Marketplace.sol","s":{"1":111,"2":111,"3":111,"4":111,"5":111,"6":111,"7":111,"8":111},"b":{"1":[111,0],"2":[111,0],"3":[111,0]},"f":{"1":111},"fnMap":{"1":{"name":"__Marketplace_init","line":18,"loc":{"start":{"line":13,"column":4},"end":{"line":37,"column":4}}}},"statementMap":{"1":{"start":{"line":19,"column":8},"end":{"line":19,"column":34}},"2":{"start":{"line":20,"column":8},"end":{"line":20,"column":34}},"3":{"start":{"line":21,"column":8},"end":{"line":21,"column":40}},"4":{"start":{"line":23,"column":8},"end":{"line":23,"column":33}},"5":{"start":{"line":24,"column":8},"end":{"line":24,"column":34}},"6":{"start":{"line":25,"column":8},"end":{"line":25,"column":33}},"7":{"start":{"line":26,"column":8},"end":{"line":26,"column":991}},"8":{"start":{"line":30,"column":8},"end":{"line":30,"column":1133}}},"branchMap":{"1":{"line":19,"type":"if","locations":[{"start":{"line":19,"column":8},"end":{"line":19,"column":8}},{"start":{"line":19,"column":8},"end":{"line":19,"column":8}}]},"2":{"line":20,"type":"if","locations":[{"start":{"line":20,"column":8},"end":{"line":20,"column":8}},{"start":{"line":20,"column":8},"end":{"line":20,"column":8}}]},"3":{"line":21,"type":"if","locations":[{"start":{"line":21,"column":8},"end":{"line":21,"column":8}},{"start":{"line":21,"column":8},"end":{"line":21,"column":8}}]}}},
"contracts/marketplace/MarketplaceCore.sol":{"l":{"61":3,"65":0,"75":34,"77":34,"81":32,"85":31,"86":30,"90":30,"92":30,"94":30,"103":30,"105":30,"121":18,"123":18,"124":16,"125":16,"129":16,"134":16,"135":16,"140":15,"141":15,"143":15,"144":15,"146":15,"148":15,"158":7,"159":7,"160":6,"161":5,"162":5,"170":1,"171":1,"172":1,"186":3,"187":3,"188":3,"202":0,"203":0,"204":0,"212":50,"220":48,"221":48,"227":34,"228":34,"239":6,"240":6,"244":21,"252":29,"260":16,"262":16,"263":16,"266":16,"286":16,"289":1,"293":15,"299":15,"304":15,"306":15,"317":15,"318":15,"319":15,"321":15,"328":15,"329":15,"331":15,"332":15,"334":0,"339":15},"path":"/Users/markomarinovic/Projects/blank/endemic-contracts/contracts/marketplace/MarketplaceCore.sol","s":{"1":3,"2":0,"3":34,"4":34,"5":32,"6":31,"7":30,"8":30,"9":30,"10":30,"11":30,"12":30,"13":18,"14":18,"15":16,"16":16,"17":16,"18":16,"19":16,"20":15,"21":15,"22":15,"23":15,"24":15,"25":15,"26":7,"27":7,"28":6,"29":5,"30":5,"31":1,"32":1,"33":1,"34":3,"35":3,"36":3,"37":0,"38":0,"39":0,"40":50,"41":48,"42":48,"43":34,"44":34,"45":6,"46":6,"47":29,"48":16,"49":16,"50":16,"51":16,"52":16,"53":1,"54":15,"55":15,"56":15,"57":15,"58":15,"59":15,"60":15,"61":15,"62":15,"63":15,"64":15,"65":15,"66":0,"67":15},"b":{"1":[32,2],"2":[31,1],"3":[30,1],"4":[30,0],"5":[30,0],"6":[16,2],"7":[16,0],"8":[16,0],"9":[16,0],"10":[15,1],"11":[6,1],"12":[5,1],"13":[1,0],"14":[3,0],"15":[0,0],"16":[34,0],"17":[34,0],"18":[16,0],"19":[1,15],"20":[15,0],"21":[15,0],"22":[15,0]},"f":{"1":3,"2":0,"3":34,"4":18,"5":7,"6":1,"7":3,"8":0,"9":50,"10":48,"11":34,"12":6,"13":21,"14":29,"15":16,"16":16,"17":15,"18":15},"fnMap":{"1":{"name":"pause","line":60,"loc":{"start":{"line":60,"column":4},"end":{"line":62,"column":4}}},"2":{"name":"unpause","line":64,"loc":{"start":{"line":64,"column":4},"end":{"line":66,"column":4}}},"3":{"name":"createAuction","line":74,"loc":{"start":{"line":68,"column":4},"end":{"line":114,"column":4}}},"4":{"name":"bid","line":119,"loc":{"start":{"line":116,"column":4},"end":{"line":155,"column":4}}},"5":{"name":"cancelAuction","line":157,"loc":{"start":{"line":157,"column":4},"end":{"line":163,"column":4}}},"6":{"name":"cancelAuctionWhenPaused","line":168,"loc":{"start":{"line":165,"column":4},"end":{"line":173,"column":4}}},"7":{"name":"getAuction","line":175,"loc":{"start":{"line":175,"column":4},"end":{"line":195,"column":4}}},"8":{"name":"getCurrentPrice","line":197,"loc":{"start":{"line":197,"column":4},"end":{"line":205,"column":4}}},"9":{"name":"_owns","line":207,"loc":{"start":{"line":207,"column":4},"end":{"line":213,"column":4}}},"10":{"name":"_isApproved","line":215,"loc":{"start":{"line":215,"column":4},"end":{"line":224,"column":4}}},"11":{"name":"_requireERC721","line":226,"loc":{"start":{"line":226,"column":4},"end":{"line":232,"column":4}}},"12":{"name":"_cancelAuction","line":234,"loc":{"start":{"line":234,"column":4},"end":{"line":241,"column":4}}},"13":{"name":"_removeAuction","line":243,"loc":{"start":{"line":243,"column":4},"end":{"line":245,"column":4}}},"14":{"name":"_isOnAuction","line":247,"loc":{"start":{"line":247,"column":4},"end":{"line":253,"column":4}}},"15":{"name":"_currentPrice","line":255,"loc":{"start":{"line":255,"column":4},"end":{"line":273,"column":4}}},"16":{"name":"_computeCurrentPrice","line":275,"loc":{"start":{"line":275,"column":4},"end":{"line":308,"column":4}}},"17":{"name":"_handlePayment","line":310,"loc":{"start":{"line":310,"column":4},"end":{"line":336,"column":4}}},"18":{"name":"_addMasterNFTContractShares","line":338,"loc":{"start":{"line":338,"column":4},"end":{"line":340,"column":4}}}},"statementMap":{"1":{"start":{"line":61,"column":8},"end":{"line":61,"column":15}},"2":{"start":{"line":65,"column":8},"end":{"line":65,"column":17}},"3":{"start":{"line":75,"column":8},"end":{"line":75,"column":35}},"4":{"start":{"line":77,"column":8},"end":{"line":77,"column":2156}},"5":{"start":{"line":81,"column":8},"end":{"line":81,"column":2286}},"6":{"start":{"line":85,"column":8},"end":{"line":85,"column":59}},"7":{"start":{"line":86,"column":8},"end":{"line":86,"column":2493}},"8":{"start":{"line":90,"column":8},"end":{"line":90,"column":64}},"9":{"start":{"line":92,"column":8},"end":{"line":92,"column":30}},"10":{"start":{"line":94,"column":8},"end":{"line":94,"column":2729}},"11":{"start":{"line":103,"column":8},"end":{"line":103,"column":57}},"12":{"start":{"line":105,"column":8},"end":{"line":105,"column":3008}},"13":{"start":{"line":121,"column":8},"end":{"line":121,"column":74}},"14":{"start":{"line":123,"column":8},"end":{"line":123,"column":62}},"15":{"start":{"line":124,"column":8},"end":{"line":124,"column":68}},"16":{"start":{"line":125,"column":8},"end":{"line":125,"column":3627}},"17":{"start":{"line":129,"column":8},"end":{"line":129,"column":3754}},"18":{"start":{"line":134,"column":8},"end":{"line":134,"column":46}},"19":{"start":{"line":135,"column":8},"end":{"line":135,"column":3958}},"20":{"start":{"line":140,"column":8},"end":{"line":140,"column":39}},"21":{"start":{"line":141,"column":8},"end":{"line":141,"column":38}},"22":{"start":{"line":143,"column":8},"end":{"line":143,"column":45}},"23":{"start":{"line":144,"column":8},"end":{"line":144,"column":74}},"24":{"start":{"line":146,"column":8},"end":{"line":146,"column":62}},"25":{"start":{"line":148,"column":8},"end":{"line":148,"column":4355}},"26":{"start":{"line":158,"column":8},"end":{"line":158,"column":74}},"27":{"start":{"line":159,"column":8},"end":{"line":159,"column":56}},"28":{"start":{"line":160,"column":8},"end":{"line":160,"column":70}},"29":{"start":{"line":161,"column":8},"end":{"line":161,"column":38}},"30":{"start":{"line":162,"column":8},"end":{"line":162,"column":56}},"31":{"start":{"line":170,"column":8},"end":{"line":170,"column":74}},"32":{"start":{"line":171,"column":8},"end":{"line":171,"column":37}},"33":{"start":{"line":172,"column":8},"end":{"line":172,"column":57}},"34":{"start":{"line":186,"column":8},"end":{"line":186,"column":74}},"35":{"start":{"line":187,"column":8},"end":{"line":187,"column":37}},"36":{"start":{"line":188,"column":8},"end":{"line":188,"column":5632}},"37":{"start":{"line":202,"column":8},"end":{"line":202,"column":74}},"38":{"start":{"line":203,"column":8},"end":{"line":203,"column":37}},"39":{"start":{"line":204,"column":8},"end":{"line":204,"column":37}},"40":{"start":{"line":212,"column":8},"end":{"line":212,"column":67}},"41":{"start":{"line":220,"column":8},"end":{"line":220,"column":43}},"42":{"start":{"line":221,"column":8},"end":{"line":221,"column":6564}},"43":{"start":{"line":227,"column":8},"end":{"line":227,"column":73}},"44":{"start":{"line":228,"column":8},"end":{"line":228,"column":6796}},"45":{"start":{"line":239,"column":8},"end":{"line":239,"column":45}},"46":{"start":{"line":240,"column":8},"end":{"line":240,"column":65}},"47":{"start":{"line":252,"column":8},"end":{"line":252,"column":39}},"48":{"start":{"line":260,"column":8},"end":{"line":260,"column":33}},"49":{"start":{"line":262,"column":8},"end":{"line":262,"column":7666}},"50":{"start":{"line":263,"column":12},"end":{"line":263,"column":63}},"51":{"start":{"line":266,"column":8},"end":{"line":266,"column":7800}},"52":{"start":{"line":286,"column":8},"end":{"line":286,"column":8526}},"53":{"start":{"line":289,"column":12},"end":{"line":289,"column":31}},"54":{"start":{"line":293,"column":12},"end":{"line":293,"column":8904}},"55":{"start":{"line":299,"column":12},"end":{"line":299,"column":9256}},"56":{"start":{"line":304,"column":12},"end":{"line":304,"column":77}},"57":{"start":{"line":306,"column":12},"end":{"line":306,"column":40}},"58":{"start":{"line":317,"column":8},"end":{"line":317,"column":9808}},"59":{"start":{"line":318,"column":12},"end":{"line":318,"column":63}},"60":{"start":{"line":319,"column":12},"end":{"line":319,"column":75}},"61":{"start":{"line":321,"column":12},"end":{"line":321,"column":9987}},"62":{"start":{"line":328,"column":12},"end":{"line":328,"column":54}},"63":{"start":{"line":329,"column":12},"end":{"line":329,"column":59}},"64":{"start":{"line":331,"column":12},"end":{"line":331,"column":79}},"65":{"start":{"line":332,"column":12},"end":{"line":332,"column":47}},"66":{"start":{"line":334,"column":12},"end":{"line":334,"column":34}},"67":{"start":{"line":339,"column":8},"end":{"line":339,"column":66}}},"branchMap":{"1":{"line":77,"type":"if","locations":[{"start":{"line":77,"column":8},"end":{"line":77,"column":8}},{"start":{"line":77,"column":8},"end":{"line":77,"column":8}}]},"2":{"line":81,"type":"if","locations":[{"start":{"line":81,"column":8},"end":{"line":81,"column":8}},{"start":{"line":81,"column":8},"end":{"line":81,"column":8}}]},"3":{"line":85,"type":"if","locations":[{"start":{"line":85,"column":8},"end":{"line":85,"column":8}},{"start":{"line":85,"column":8},"end":{"line":85,"column":8}}]},"4":{"line":86,"type":"if","locations":[{"start":{"line":86,"column":8},"end":{"line":86,"column":8}},{"start":{"line":86,"column":8},"end":{"line":86,"column":8}}]},"5":{"line":90,"type":"if","locations":[{"start":{"line":90,"column":8},"end":{"line":90,"column":8}},{"start":{"line":90,"column":8},"end":{"line":90,"column":8}}]},"6":{"line":123,"type":"if","locations":[{"start":{"line":123,"column":8},"end":{"line":123,"column":8}},{"start":{"line":123,"column":8},"end":{"line":123,"column":8}}]},"7":{"line":124,"type":"if","locations":[{"start":{"line":124,"column":8},"end":{"line":124,"column":8}},{"start":{"line":124,"column":8},"end":{"line":124,"column":8}}]},"8":{"line":125,"type":"if","locations":[{"start":{"line":125,"column":8},"end":{"line":125,"column":8}},{"start":{"line":125,"column":8},"end":{"line":125,"column":8}}]},"9":{"line":129,"type":"if","locations":[{"start":{"line":129,"column":8},"end":{"line":129,"column":8}},{"start":{"line":129,"column":8},"end":{"line":129,"column":8}}]},"10":{"line":135,"type":"if","locations":[{"start":{"line":135,"column":8},"end":{"line":135,"column":8}},{"start":{"line":135,"column":8},"end":{"line":135,"column":8}}]},"11":{"line":159,"type":"if","locations":[{"start":{"line":159,"column":8},"end":{"line":159,"column":8}},{"start":{"line":159,"column":8},"end":{"line":159,"column":8}}]},"12":{"line":160,"type":"if","locations":[{"start":{"line":160,"column":8},"end":{"line":160,"column":8}},{"start":{"line":160,"column":8},"end":{"line":160,"column":8}}]},"13":{"line":171,"type":"if","locations":[{"start":{"line":171,"column":8},"end":{"line":171,"column":8}},{"start":{"line":171,"column":8},"end":{"line":171,"column":8}}]},"14":{"line":187,"type":"if","locations":[{"start":{"line":187,"column":8},"end":{"line":187,"column":8}},{"start":{"line":187,"column":8},"end":{"line":187,"column":8}}]},"15":{"line":203,"type":"if","locations":[{"start":{"line":203,"column":8},"end":{"line":203,"column":8}},{"start":{"line":203,"column":8},"end":{"line":203,"column":8}}]},"16":{"line":227,"type":"if","locations":[{"start":{"line":227,"column":8},"end":{"line":227,"column":8}},{"start":{"line":227,"column":8},"end":{"line":227,"column":8}}]},"17":{"line":228,"type":"if","locations":[{"start":{"line":228,"column":8},"end":{"line":228,"column":8}},{"start":{"line":228,"column":8},"end":{"line":228,"column":8}}]},"18":{"line":262,"type":"if","locations":[{"start":{"line":262,"column":8},"end":{"line":262,"column":8}},{"start":{"line":262,"column":8},"end":{"line":262,"column":8}}]},"19":{"line":286,"type":"if","locations":[{"start":{"line":286,"column":8},"end":{"line":286,"column":8}},{"start":{"line":286,"column":8},"end":{"line":286,"column":8}}]},"20":{"line":317,"type":"if","locations":[{"start":{"line":317,"column":8},"end":{"line":317,"column":8}},{"start":{"line":317,"column":8},"end":{"line":317,"column":8}}]},"21":{"line":319,"type":"if","locations":[{"start":{"line":319,"column":12},"end":{"line":319,"column":12}},{"start":{"line":319,"column":12},"end":{"line":319,"column":12}}]},"22":{"line":332,"type":"if","locations":[{"start":{"line":332,"column":12},"end":{"line":332,"column":12}},{"start":{"line":332,"column":12},"end":{"line":332,"column":12}}]}}},
"contracts/marketplace/MarketplaceInterface.sol":{"l":{},"path":"/Users/markomarinovic/Projects/blank/endemic-contracts/contracts/marketplace/MarketplaceInterface.sol","s":{},"b":{},"f":{},"fnMap":{},"statementMap":{},"branchMap":{}},
"contracts/marketplace/TransferManager.sol":{"l":{"17":111,"18":111,"22":1,"23":1,"26":1,"30":1,"31":1,"32":1,"41":0,"50":15},"path":"/Users/markomarinovic/Projects/blank/endemic-contracts/contracts/marketplace/TransferManager.sol","s":{"1":111,"2":111,"3":1,"4":1,"5":1,"6":1,"7":1,"8":1,"9":0,"10":15},"b":{"1":[1,0],"2":[1,0]},"f":{"1":111,"2":1,"3":1,"4":0,"5":15},"fnMap":{"1":{"name":"__TransferManager___init_unchained","line":16,"loc":{"start":{"line":13,"column":4},"end":{"line":19,"column":4}}},"2":{"name":"claimETH","line":21,"loc":{"start":{"line":21,"column":4},"end":{"line":27,"column":4}}},"3":{"name":"distributeMasterNFTShares","line":29,"loc":{"start":{"line":29,"column":4},"end":{"line":33,"column":4}}},"4":{"name":"getAvailableMasterNftShares","line":38,"loc":{"start":{"line":35,"column":4},"end":{"line":42,"column":4}}},"5":{"name":"_transfer","line":44,"loc":{"start":{"line":44,"column":4},"end":{"line":51,"column":4}}}},"statementMap":{"1":{"start":{"line":17,"column":8},"end":{"line":17,"column":41}},"2":{"start":{"line":18,"column":8},"end":{"line":18,"column":29}},"3":{"start":{"line":22,"column":8},"end":{"line":22,"column":70}},"4":{"start":{"line":23,"column":8},"end":{"line":23,"column":742}},"5":{"start":{"line":26,"column":8},"end":{"line":26,"column":43}},"6":{"start":{"line":30,"column":8},"end":{"line":30,"column":76}},"7":{"start":{"line":31,"column":8},"end":{"line":31,"column":59}},"8":{"start":{"line":32,"column":8},"end":{"line":32,"column":26}},"9":{"start":{"line":41,"column":8},"end":{"line":41,"column":30}},"10":{"start":{"line":50,"column":8},"end":{"line":50,"column":74}}},"branchMap":{"1":{"line":26,"type":"if","locations":[{"start":{"line":26,"column":8},"end":{"line":26,"column":8}},{"start":{"line":26,"column":8},"end":{"line":26,"column":8}}]},"2":{"line":30,"type":"if","locations":[{"start":{"line":30,"column":8},"end":{"line":30,"column":8}},{"start":{"line":30,"column":8},"end":{"line":30,"column":8}}]}}},
"contracts/roles/DistributorRole.sol":{"l":{"10":3,"11":2,"15":16,"19":0},"path":"/Users/markomarinovic/Projects/blank/endemic-contracts/contracts/roles/DistributorRole.sol","s":{"1":3,"2":16,"3":0},"b":{"1":[2,1]},"f":{"1":3,"2":16,"3":0},"fnMap":{"1":{"name":"onlyDistributor","line":9,"loc":{"start":{"line":9,"column":5},"end":{"line":12,"column":4}}},"2":{"name":"addDistributor","line":14,"loc":{"start":{"line":14,"column":4},"end":{"line":16,"column":4}}},"3":{"name":"removeDistributor","line":18,"loc":{"start":{"line":18,"column":4},"end":{"line":20,"column":4}}}},"statementMap":{"1":{"start":{"line":10,"column":8},"end":{"line":10,"column":75}},"2":{"start":{"line":15,"column":8},"end":{"line":15,"column":39}},"3":{"start":{"line":19,"column":8},"end":{"line":19,"column":40}}},"branchMap":{"1":{"line":10,"type":"if","locations":[{"start":{"line":10,"column":8},"end":{"line":10,"column":8}},{"start":{"line":10,"column":8},"end":{"line":10,"column":8}}]}}},
"contracts/roles/Roles.sol":{"l":{"13":24,"14":24,"21":0,"22":0,"30":32,"31":32},"path":"/Users/markomarinovic/Projects/blank/endemic-contracts/contracts/roles/Roles.sol","s":{"1":24,"2":24,"3":0,"4":0,"5":32,"6":32},"b":{"1":[24,0],"2":[0,0],"3":[32,0]},"f":{"1":24,"2":0,"3":32},"fnMap":{"1":{"name":"add","line":12,"loc":{"start":{"line":12,"column":4},"end":{"line":15,"column":4}}},"2":{"name":"remove","line":20,"loc":{"start":{"line":20,"column":4},"end":{"line":23,"column":4}}},"3":{"name":"has","line":29,"loc":{"start":{"line":29,"column":4},"end":{"line":32,"column":4}}}},"statementMap":{"1":{"start":{"line":13,"column":8},"end":{"line":13,"column":70}},"2":{"start":{"line":14,"column":8},"end":{"line":14,"column":34}},"3":{"start":{"line":21,"column":8},"end":{"line":21,"column":71}},"4":{"start":{"line":22,"column":8},"end":{"line":22,"column":35}},"5":{"start":{"line":30,"column":8},"end":{"line":30,"column":75}},"6":{"start":{"line":31,"column":8},"end":{"line":31,"column":35}}},"branchMap":{"1":{"line":13,"type":"if","locations":[{"start":{"line":13,"column":8},"end":{"line":13,"column":8}},{"start":{"line":13,"column":8},"end":{"line":13,"column":8}}]},"2":{"line":21,"type":"if","locations":[{"start":{"line":21,"column":8},"end":{"line":21,"column":8}},{"start":{"line":21,"column":8},"end":{"line":21,"column":8}}]},"3":{"line":30,"type":"if","locations":[{"start":{"line":30,"column":8},"end":{"line":30,"column":8}},{"start":{"line":30,"column":8},"end":{"line":30,"column":8}}]}}},
"contracts/roles/SignerRole.sol":{"l":{"15":0,"16":0,"20":8,"24":0,"28":0,"32":24,"33":24,"37":0,"38":0},"path":"/Users/markomarinovic/Projects/blank/endemic-contracts/contracts/roles/SignerRole.sol","s":{"1":0,"2":8,"3":0,"4":0,"5":24,"6":24,"7":0,"8":0},"b":{"1":[0,0]},"f":{"1":0,"2":8,"3":0,"4":0,"5":24,"6":0},"fnMap":{"1":{"name":"onlySigner","line":14,"loc":{"start":{"line":14,"column":4},"end":{"line":17,"column":4}}},"2":{"name":"isSigner","line":19,"loc":{"start":{"line":19,"column":4},"end":{"line":21,"column":4}}},"3":{"name":"addSigner","line":23,"loc":{"start":{"line":23,"column":4},"end":{"line":25,"column":4}}},"4":{"name":"renounceSigner","line":27,"loc":{"start":{"line":27,"column":4},"end":{"line":29,"column":4}}},"5":{"name":"_addSigner","line":31,"loc":{"start":{"line":31,"column":4},"end":{"line":34,"column":4}}},"6":{"name":"_removeSigner","line":36,"loc":{"start":{"line":36,"column":4},"end":{"line":39,"column":4}}}},"statementMap":{"1":{"start":{"line":15,"column":8},"end":{"line":15,"column":90}},"2":{"start":{"line":20,"column":8},"end":{"line":20,"column":36}},"3":{"start":{"line":24,"column":8},"end":{"line":24,"column":26}},"4":{"start":{"line":28,"column":8},"end":{"line":28,"column":34}},"5":{"start":{"line":32,"column":8},"end":{"line":32,"column":28}},"6":{"start":{"line":33,"column":8},"end":{"line":33,"column":33}},"7":{"start":{"line":37,"column":8},"end":{"line":37,"column":31}},"8":{"start":{"line":38,"column":8},"end":{"line":38,"column":35}}},"branchMap":{"1":{"line":15,"type":"if","locations":[{"start":{"line":15,"column":8},"end":{"line":15,"column":8}},{"start":{"line":15,"column":8},"end":{"line":15,"column":8}}]}}}}
