TN:
SF:/Users/markomarinovic/Projects/blank/endemic-contracts/contracts/erc-20/EndemicToken.sol
FN:13,constructor
FNF:1
FNH:1
FNDA:24,constructor
LF:0
LH:0
BRF:0
BRH:0
end_of_record
TN:
SF:/Users/markomarinovic/Projects/blank/endemic-contracts/contracts/erc-20/EndemicTokenMining.sol
FN:22,constructor
FN:26,claim
FN:55,updateClaimed
FN:62,prepareMessage
FN:70,recoverSigner
FNF:5
FNH:4
FNDA:12,constructor
FNDA:7,claim
FNDA:0,updateClaimed
FNDA:7,prepareMessage
FNDA:7,recoverSigner
DA:23,12
DA:32,7
DA:37,6
DA:38,7
DA:39,7
DA:40,6
DA:41,6
DA:42,5
DA:43,5
DA:47,5
DA:48,5
DA:49,5
DA:52,0
DA:56,0
DA:57,0
DA:58,0
DA:67,7
DA:76,7
DA:78,7
DA:79,7
LF:20
LH:16
BRDA:32,1,0,6
BRDA:32,1,1,1
BRDA:39,2,0,6
BRDA:39,2,1,1
BRDA:41,3,0,5
BRDA:41,3,1,1
BRDA:43,4,0,5
BRDA:43,4,1,0
BRF:8
BRH:7
end_of_record
TN:
SF:/Users/markomarinovic/Projects/blank/endemic-contracts/contracts/erc-20/EndemicVesting.sol
FN:11,onlyMultiSig
FN:16,onlyValidAddress
FN:55,constructor
FN:68,addTokenGrant
FN:114,getActiveGrants
FN:122,calculateGrantClaim
FN:164,claimVestedTokens
FN:187,removeTokenGrant
FN:212,currentTime
FN:216,tokensVestedPerDay
FN:228,changeMultiSig
FNF:11
FNH:1
FNDA:0,onlyMultiSig
FNDA:0,onlyValidAddress
FNDA:3,constructor
FNDA:0,addTokenGrant
FNDA:0,getActiveGrants
FNDA:0,calculateGrantClaim
FNDA:0,claimVestedTokens
FNDA:0,removeTokenGrant
FNDA:0,currentTime
FNDA:0,tokensVestedPerDay
FNDA:0,changeMultiSig
DA:12,0
DA:13,0
DA:17,0
DA:23,0
DA:56,3
DA:57,3
DA:58,3
DA:69,0
DA:70,0
DA:74,0
DA:75,0
DA:79,0
DA:84,0
DA:85,0
DA:87,0
DA:90,0
DA:93,0
DA:98,0
DA:108,0
DA:109,0
DA:110,0
DA:111,0
DA:119,0
DA:127,0
DA:130,0
DA:131,0
DA:135,0
DA:136,0
DA:138,0
DA:139,0
DA:143,0
DA:144,0
DA:147,0
DA:149,0
DA:150,0
DA:152,0
DA:155,0
DA:158,0
DA:159,0
DA:165,0
DA:166,0
DA:167,0
DA:168,0
DA:170,0
DA:171,0
DA:172,0
DA:176,0
DA:180,0
DA:188,0
DA:189,0
DA:190,0
DA:191,0
DA:192,0
DA:194,0
DA:198,0
DA:199,0
DA:201,0
DA:202,0
DA:203,0
DA:204,0
DA:205,0
DA:206,0
DA:207,0
DA:209,0
DA:213,0
DA:221,0
DA:222,0
DA:230,0
DA:231,0
LF:69
LH:3
BRDA:12,1,0,0
BRDA:12,1,1,0
BRDA:17,2,0,0
BRDA:17,2,1,0
BRDA:56,3,0,3
BRDA:56,3,1,0
BRDA:69,4,0,0
BRDA:69,4,1,0
BRDA:70,5,0,0
BRDA:70,5,1,0
BRDA:74,6,0,0
BRDA:74,6,1,0
BRDA:75,7,0,0
BRDA:75,7,1,0
BRDA:79,8,0,0
BRDA:79,8,1,0
BRDA:85,9,0,0
BRDA:85,9,1,0
BRDA:90,10,0,0
BRDA:90,10,1,0
BRDA:93,11,0,0
BRDA:93,11,1,0
BRDA:130,12,0,0
BRDA:130,12,1,0
BRDA:138,13,0,0
BRDA:138,13,1,0
BRDA:143,14,0,0
BRDA:143,14,1,0
BRDA:150,15,0,0
BRDA:150,15,1,0
BRDA:168,16,0,0
BRDA:168,16,1,0
BRDA:176,17,0,0
BRDA:176,17,1,0
BRDA:198,18,0,0
BRDA:198,18,1,0
BRDA:199,19,0,0
BRDA:199,19,1,0
BRF:38
BRH:1
end_of_record
TN:
SF:/Users/markomarinovic/Projects/blank/endemic-contracts/contracts/erc-721/Endemic.sol
FN:12,__Endemic_init
FN:26,mint
FN:40,_requireOwnerSignature
FNF:3
FNH:3
FNDA:24,__Endemic_init
FNDA:8,mint
FNDA:8,_requireOwnerSignature
DA:14,24
DA:15,24
DA:16,24
DA:17,24
DA:18,24
DA:19,24
DA:20,24
DA:22,24
DA:23,24
DA:33,8
DA:34,7
DA:35,6
DA:37,6
DA:46,8
DA:47,8
DA:53,8
LF:16
LH:16
BRDA:53,1,0,7
BRDA:53,1,1,1
BRF:2
BRH:2
end_of_record
TN:
SF:/Users/markomarinovic/Projects/blank/endemic-contracts/contracts/erc-721/EndemicMasterNFT.sol
FN:19,__EndemicMasterNFT_init
FN:37,mintNFT
FN:46,publicMintNFT
FN:58,distributeShares
FN:72,claimETH
FN:79,setSalePrice
FN:83,toggleSaleState
FNF:7
FNH:6
FNDA:156,__EndemicMasterNFT_init
FNDA:66,mintNFT
FNDA:3,publicMintNFT
FNDA:2,distributeShares
FNDA:0,claimETH
FNDA:2,setSalePrice
FNDA:2,toggleSaleState
DA:21,156
DA:22,156
DA:23,156
DA:24,156
DA:25,156
DA:26,156
DA:27,156
DA:29,156
DA:31,156
DA:32,156
DA:33,156
DA:34,156
DA:38,66
DA:40,65
DA:41,65
DA:43,65
DA:47,3
DA:48,2
DA:50,2
DA:52,1
DA:53,1
DA:55,1
DA:59,2
DA:60,2
DA:62,2
DA:64,2
DA:65,8
DA:66,8
DA:67,8
DA:68,8
DA:73,0
DA:76,0
DA:80,2
DA:84,2
LF:34
LH:32
BRDA:38,1,0,65
BRDA:38,1,1,1
BRDA:47,2,0,2
BRDA:47,2,1,1
BRDA:48,3,0,2
BRDA:48,3,1,0
BRDA:50,4,0,1
BRDA:50,4,1,1
BRDA:59,5,0,2
BRDA:59,5,1,0
BRDA:60,6,0,2
BRDA:60,6,1,0
BRDA:68,7,0,8
BRDA:68,7,1,0
BRDA:76,8,0,0
BRDA:76,8,1,0
BRF:16
BRH:10
end_of_record
TN:
SF:/Users/markomarinovic/Projects/blank/endemic-contracts/contracts/erc-721/EndemicNFT.sol
FN:11,__EndemicNFT_init
FN:25,mint
FNF:2
FNH:2
FNDA:222,__EndemicNFT_init
FNDA:36,mint
DA:12,222
DA:13,222
DA:14,222
DA:15,222
DA:16,222
DA:17,222
DA:18,222
DA:20,222
DA:30,36
DA:35,35
DA:36,35
DA:37,35
DA:39,35
DA:41,35
LF:14
LH:14
BRDA:30,1,0,35
BRDA:30,1,1,1
BRF:2
BRH:2
end_of_record
TN:
SF:/Users/markomarinovic/Projects/blank/endemic-contracts/contracts/erc-721/EndemicNFTBeacon.sol
FN:7,constructor
FNF:1
FNH:1
FNDA:15,constructor
LF:0
LH:0
BRF:0
BRH:0
end_of_record
TN:
SF:/Users/markomarinovic/Projects/blank/endemic-contracts/contracts/erc-721/EndemicNFTFactory.sol
FN:15,constructor
FN:41,setMarketplaceContract
FN:48,createToken
FNF:3
FNH:2
FNDA:15,constructor
FNDA:0,setMarketplaceContract
FNDA:2,createToken
DA:16,15
DA:17,15
DA:19,15
DA:20,15
DA:43,0
DA:50,2
DA:57,2
DA:58,2
DA:59,2
DA:60,2
DA:62,2
LF:11
LH:10
BRF:0
BRH:0
end_of_record
TN:
SF:/Users/markomarinovic/Projects/blank/endemic-contracts/contracts/erc-721/ERC721Base.sol
FN:23,setDefaultApproval
FN:28,tokenURI
FN:37,setBaseTokenURI
FN:41,_setBaseURI
FN:45,_isApprovedOrOwner
FN:55,isApprovedForAll
FN:64,_baseURI
FN:73,_burn
FN:80,_beforeTokenTransfer
FN:88,supportsInterface
FNF:10
FNH:10
FNDA:1,setDefaultApproval
FNDA:10,tokenURI
FNDA:2,setBaseTokenURI
FNDA:404,_setBaseURI
FNDA:19,_isApprovedOrOwner
FNDA:6,isApprovedForAll
FNDA:11,_baseURI
FNDA:2,_burn
FNDA:124,_beforeTokenTransfer
FNDA:34,supportsInterface
DA:25,1
DA:34,10
DA:38,2
DA:42,404
DA:52,19
DA:61,6
DA:70,11
DA:77,2
DA:85,124
DA:94,34
LF:10
LH:10
BRF:0
BRH:0
end_of_record
TN:
SF:/Users/markomarinovic/Projects/blank/endemic-contracts/contracts/erc-721/ERC721DefaultApproval.sol
FN:11,_setDefaultApproval
FN:16,_isApprovedOrOwner
FN:28,isApprovedForAll
FNF:3
FNH:3
FNDA:1,_setDefaultApproval
FNDA:19,_isApprovedOrOwner
FNDA:6,isApprovedForAll
DA:12,1
DA:13,1
DA:23,19
DA:35,6
LF:4
LH:4
BRF:0
BRH:0
end_of_record
TN:
SF:/Users/markomarinovic/Projects/blank/endemic-contracts/contracts/erc-721/IEndemicMasterNFT.sol
FNF:0
FNH:0
LF:0
LH:0
BRF:0
BRH:0
end_of_record
TN:
SF:/Users/markomarinovic/Projects/blank/endemic-contracts/contracts/erc-721/IERC721.sol
FNF:0
FNH:0
LF:0
LH:0
BRF:0
BRH:0
end_of_record
TN:
SF:/Users/markomarinovic/Projects/blank/endemic-contracts/contracts/marketplace/FeeManager.sol
FN:22,__FeeManager___init_unchained
FN:35,updateFee
FN:46,getMakerFee
FN:62,getTakerFee
FN:71,_computeMakerCut
FN:91,_computeTakerCut
FN:103,_isAdressOwnerOfMasterNFT
FNF:7
FNH:6
FNDA:111,__FeeManager___init_unchained
FNDA:1,updateFee
FNDA:3,getMakerFee
FNDA:0,getTakerFee
FNDA:15,_computeMakerCut
FNDA:15,_computeTakerCut
FNDA:33,_isAdressOwnerOfMasterNFT
DA:23,111
DA:24,111
DA:25,111
DA:26,111
DA:27,111
DA:36,1
DA:37,1
DA:38,1
DA:39,1
DA:40,1
DA:41,1
DA:42,1
DA:43,1
DA:51,3
DA:52,3
DA:54,3
DA:55,1
DA:58,2
DA:59,2
DA:63,0
DA:64,0
DA:65,0
DA:68,0
DA:77,15
DA:78,15
DA:79,13
DA:82,15
DA:83,2
DA:86,13
DA:88,13
DA:96,15
DA:97,1
DA:100,14
DA:108,33
DA:109,33
LF:35
LH:31
BRDA:36,1,0,1
BRDA:36,1,1,0
BRDA:37,2,0,1
BRDA:37,2,1,0
BRDA:38,3,0,1
BRDA:38,3,1,0
BRDA:39,4,0,1
BRDA:39,4,1,0
BRDA:51,5,0,3
BRDA:51,5,1,0
BRDA:52,6,0,3
BRDA:52,6,1,0
BRDA:54,7,0,1
BRDA:54,7,1,2
BRDA:63,8,0,0
BRDA:63,8,1,0
BRDA:64,9,0,0
BRDA:64,9,1,0
BRDA:78,10,0,13
BRDA:78,10,1,2
BRDA:82,11,0,2
BRDA:82,11,1,13
BRDA:96,12,0,1
BRDA:96,12,1,14
BRF:24
BRH:14
end_of_record
TN:
SF:/Users/markomarinovic/Projects/blank/endemic-contracts/contracts/marketplace/Marketplace.sol
FN:18,__Marketplace_init
FNF:1
FNH:1
FNDA:111,__Marketplace_init
DA:19,111
DA:20,111
DA:21,111
DA:23,111
DA:24,111
DA:25,111
DA:26,111
DA:30,111
LF:8
LH:8
BRDA:19,1,0,111
BRDA:19,1,1,0
BRDA:20,2,0,111
BRDA:20,2,1,0
BRDA:21,3,0,111
BRDA:21,3,1,0
BRF:6
BRH:3
end_of_record
TN:
SF:/Users/markomarinovic/Projects/blank/endemic-contracts/contracts/marketplace/MarketplaceCore.sol
FN:60,pause
FN:64,unpause
FN:74,createAuction
FN:119,bid
FN:157,cancelAuction
FN:168,cancelAuctionWhenPaused
FN:175,getAuction
FN:197,getCurrentPrice
FN:207,_owns
FN:215,_isApproved
FN:226,_requireERC721
FN:234,_cancelAuction
FN:243,_removeAuction
FN:247,_isOnAuction
FN:255,_currentPrice
FN:275,_computeCurrentPrice
FN:310,_handlePayment
FN:338,_addMasterNFTContractShares
FNF:18
FNH:16
FNDA:3,pause
FNDA:0,unpause
FNDA:34,createAuction
FNDA:18,bid
FNDA:7,cancelAuction
FNDA:1,cancelAuctionWhenPaused
FNDA:3,getAuction
FNDA:0,getCurrentPrice
FNDA:50,_owns
FNDA:48,_isApproved
FNDA:34,_requireERC721
FNDA:6,_cancelAuction
FNDA:21,_removeAuction
FNDA:29,_isOnAuction
FNDA:16,_currentPrice
FNDA:16,_computeCurrentPrice
FNDA:15,_handlePayment
FNDA:15,_addMasterNFTContractShares
DA:61,3
DA:65,0
DA:75,34
DA:77,34
DA:81,32
DA:85,31
DA:86,30
DA:90,30
DA:92,30
DA:94,30
DA:103,30
DA:105,30
DA:121,18
DA:123,18
DA:124,16
DA:125,16
DA:129,16
DA:134,16
DA:135,16
DA:140,15
DA:141,15
DA:143,15
DA:144,15
DA:146,15
DA:148,15
DA:158,7
DA:159,7
DA:160,6
DA:161,5
DA:162,5
DA:170,1
DA:171,1
DA:172,1
DA:186,3
DA:187,3
DA:188,3
DA:202,0
DA:203,0
DA:204,0
DA:212,50
DA:220,48
DA:221,48
DA:227,34
DA:228,34
DA:239,6
DA:240,6
DA:244,21
DA:252,29
DA:260,16
DA:262,16
DA:263,16
DA:266,16
DA:286,16
DA:289,1
DA:293,15
DA:299,15
DA:304,15
DA:306,15
DA:317,15
DA:318,15
DA:319,15
DA:321,15
DA:328,15
DA:329,15
DA:331,15
DA:332,15
DA:334,0
DA:339,15
LF:68
LH:63
BRDA:77,1,0,32
BRDA:77,1,1,2
BRDA:81,2,0,31
BRDA:81,2,1,1
BRDA:85,3,0,30
BRDA:85,3,1,1
BRDA:86,4,0,30
BRDA:86,4,1,0
BRDA:90,5,0,30
BRDA:90,5,1,0
BRDA:123,6,0,16
BRDA:123,6,1,2
BRDA:124,7,0,16
BRDA:124,7,1,0
BRDA:125,8,0,16
BRDA:125,8,1,0
BRDA:129,9,0,16
BRDA:129,9,1,0
BRDA:135,10,0,15
BRDA:135,10,1,1
BRDA:159,11,0,6
BRDA:159,11,1,1
BRDA:160,12,0,5
BRDA:160,12,1,1
BRDA:171,13,0,1
BRDA:171,13,1,0
BRDA:187,14,0,3
BRDA:187,14,1,0
BRDA:203,15,0,0
BRDA:203,15,1,0
BRDA:227,16,0,34
BRDA:227,16,1,0
BRDA:228,17,0,34
BRDA:228,17,1,0
BRDA:262,18,0,16
BRDA:262,18,1,0
BRDA:286,19,0,1
BRDA:286,19,1,15
BRDA:317,20,0,15
BRDA:317,20,1,0
BRDA:319,21,0,15
BRDA:319,21,1,0
BRDA:332,22,0,15
BRDA:332,22,1,0
BRF:44
BRH:29
end_of_record
TN:
SF:/Users/markomarinovic/Projects/blank/endemic-contracts/contracts/marketplace/MarketplaceInterface.sol
FNF:0
FNH:0
LF:0
LH:0
BRF:0
BRH:0
end_of_record
TN:
SF:/Users/markomarinovic/Projects/blank/endemic-contracts/contracts/marketplace/TransferManager.sol
FN:16,__TransferManager___init_unchained
FN:21,claimETH
FN:29,distributeMasterNFTShares
FN:38,getAvailableMasterNftShares
FN:44,_transfer
FNF:5
FNH:4
FNDA:111,__TransferManager___init_unchained
FNDA:1,claimETH
FNDA:1,distributeMasterNFTShares
FNDA:0,getAvailableMasterNftShares
FNDA:15,_transfer
DA:17,111
DA:18,111
DA:22,1
DA:23,1
DA:26,1
DA:30,1
DA:31,1
DA:32,1
DA:41,0
DA:50,15
LF:10
LH:9
BRDA:26,1,0,1
BRDA:26,1,1,0
BRDA:30,2,0,1
BRDA:30,2,1,0
BRF:4
BRH:2
end_of_record
TN:
SF:/Users/markomarinovic/Projects/blank/endemic-contracts/contracts/roles/DistributorRole.sol
FN:9,onlyDistributor
FN:14,addDistributor
FN:18,removeDistributor
FNF:3
FNH:2
FNDA:3,onlyDistributor
FNDA:16,addDistributor
FNDA:0,removeDistributor
DA:10,3
DA:11,2
DA:15,16
DA:19,0
LF:4
LH:3
BRDA:10,1,0,2
BRDA:10,1,1,1
BRF:2
BRH:2
end_of_record
TN:
SF:/Users/markomarinovic/Projects/blank/endemic-contracts/contracts/roles/Roles.sol
FN:12,add
FN:20,remove
FN:29,has
FNF:3
FNH:2
FNDA:24,add
FNDA:0,remove
FNDA:32,has
DA:13,24
DA:14,24
DA:21,0
DA:22,0
DA:30,32
DA:31,32
LF:6
LH:4
BRDA:13,1,0,24
BRDA:13,1,1,0
BRDA:21,2,0,0
BRDA:21,2,1,0
BRDA:30,3,0,32
BRDA:30,3,1,0
BRF:6
BRH:2
end_of_record
TN:
SF:/Users/markomarinovic/Projects/blank/endemic-contracts/contracts/roles/SignerRole.sol
FN:14,onlySigner
FN:19,isSigner
FN:23,addSigner
FN:27,renounceSigner
FN:31,_addSigner
FN:36,_removeSigner
FNF:6
FNH:2
FNDA:0,onlySigner
FNDA:8,isSigner
FNDA:0,addSigner
FNDA:0,renounceSigner
FNDA:24,_addSigner
FNDA:0,_removeSigner
DA:15,0
DA:16,0
DA:20,8
DA:24,0
DA:28,0
DA:32,24
DA:33,24
DA:37,0
DA:38,0
LF:9
LH:3
BRDA:15,1,0,0
BRDA:15,1,1,0
BRF:2
BRH:0
end_of_record
